# JRE version: OpenJDK Runtime Environment (8.0_212-b04) (build 1.8.0_212-release-1586-b04)
# Java VM: OpenJDK 64-Bit Server VM (25.212-b04 mixed mode windows-amd64 compressed oops)
Heap:
 PSYoungGen      total 277504K, used 91561K [0x00000000e0000000, 0x00000000f6180000, 0x0000000100000000)
  eden space 229376K, 39% used [0x00000000e0000000,0x00000000e57a7318,0x00000000ee000000)
  from space 48128K, 3% used [0x00000000ee000000,0x00000000ee1c3180,0x00000000f0f00000)
  to   space 50688K, 0% used [0x00000000f3000000,0x00000000f3000000,0x00000000f6180000)
 ParOldGen       total 194048K, used 127391K [0x00000000a0000000, 0x00000000abd80000, 0x00000000e0000000)
  object space 194048K, 65% used [0x00000000a0000000,0x00000000a7c67c40,0x00000000abd80000)
 Metaspace       used 110749K, capacity 118468K, committed 118656K, reserved 1153024K
  class space    used 14011K, capacity 15374K, committed 15488K, reserved 1048576K
GC Heap History (10 events):
Event: 5864.072 GC heap before
{Heap before GC invocations=69 (full 4):
 PSYoungGen      total 222208K, used 203073K [0x00000000e0000000, 0x00000000f0d00000, 0x0000000100000000)
  eden space 174080K, 100% used [0x00000000e0000000,0x00000000eaa00000,0x00000000eaa00000)
  from space 48128K, 60% used [0x00000000ede00000,0x00000000efa50420,0x00000000f0d00000)
  to   space 50688K, 0% used [0x00000000eaa00000,0x00000000eaa00000,0x00000000edb80000)
 ParOldGen       total 194048K, used 108804K [0x00000000a0000000, 0x00000000abd80000, 0x00000000e0000000)
  object space 194048K, 56% used [0x00000000a0000000,0x00000000a6a412a0,0x00000000abd80000)
 Metaspace       used 110622K, capacity 118302K, committed 118656K, reserved 1153024K
  class space    used 14004K, capacity 15369K, committed 15488K, reserved 1048576K
Event: 5864.138 GC heap after
Heap after GC invocations=69 (full 4):
 PSYoungGen      total 224768K, used 28430K [0x00000000e0000000, 0x00000000f2380000, 0x0000000100000000)
  eden space 174080K, 0% used [0x00000000e0000000,0x00000000e0000000,0x00000000eaa00000)
  from space 50688K, 56% used [0x00000000eaa00000,0x00000000ec5c3818,0x00000000edb80000)
  to   space 49152K, 0% used [0x00000000ef380000,0x00000000ef380000,0x00000000f2380000)
 ParOldGen       total 194048K, used 116570K [0x00000000a0000000, 0x00000000abd80000, 0x00000000e0000000)
  object space 194048K, 60% used [0x00000000a0000000,0x00000000a71d6958,0x00000000abd80000)
 Metaspace       used 110622K, capacity 118302K, committed 118656K, reserved 1153024K
  class space    used 14004K, capacity 15369K, committed 15488K, reserved 1048576K
}
Event: 5864.953 GC heap before
{Heap before GC invocations=70 (full 4):
 PSYoungGen      total 224768K, used 202510K [0x00000000e0000000, 0x00000000f2380000, 0x0000000100000000)
  eden space 174080K, 100% used [0x00000000e0000000,0x00000000eaa00000,0x00000000eaa00000)
  from space 50688K, 56% used [0x00000000eaa00000,0x00000000ec5c3818,0x00000000edb80000)
  to   space 49152K, 0% used [0x00000000ef380000,0x00000000ef380000,0x00000000f2380000)
 ParOldGen       total 194048K, used 116570K [0x00000000a0000000, 0x00000000abd80000, 0x00000000e0000000)
  object space 194048K, 60% used [0x00000000a0000000,0x00000000a71d6958,0x00000000abd80000)
 Metaspace       used 110636K, capacity 118302K, committed 118656K, reserved 1153024K
  class space    used 14004K, capacity 15369K, committed 15488K, reserved 1048576K
Event: 5864.995 GC heap after
Heap after GC invocations=70 (full 4):
 PSYoungGen      total 247296K, used 24604K [0x00000000e0000000, 0x00000000f2180000, 0x0000000100000000)
  eden space 200192K, 0% used [0x00000000e0000000,0x00000000e0000000,0x00000000ec380000)
  from space 47104K, 52% used [0x00000000ef380000,0x00000000f0b872f8,0x00000000f2180000)
  to   space 48128K, 0% used [0x00000000ec380000,0x00000000ec380000,0x00000000ef280000)
 ParOldGen       total 194048K, used 119291K [0x00000000a0000000, 0x00000000abd80000, 0x00000000e0000000)
  object space 194048K, 61% used [0x00000000a0000000,0x00000000a747ef20,0x00000000abd80000)
 Metaspace       used 110636K, capacity 118302K, committed 118656K, reserved 1153024K
  class space    used 14004K, capacity 15369K, committed 15488K, reserved 1048576K
}
Event: 5865.810 GC heap before
{Heap before GC invocations=71 (full 4):
 PSYoungGen      total 247296K, used 224796K [0x00000000e0000000, 0x00000000f2180000, 0x0000000100000000)
  eden space 200192K, 100% used [0x00000000e0000000,0x00000000ec380000,0x00000000ec380000)
  from space 47104K, 52% used [0x00000000ef380000,0x00000000f0b872f8,0x00000000f2180000)
  to   space 48128K, 0% used [0x00000000ec380000,0x00000000ec380000,0x00000000ef280000)
 ParOldGen       total 194048K, used 119291K [0x00000000a0000000, 0x00000000abd80000, 0x00000000e0000000)
  object space 194048K, 61% used [0x00000000a0000000,0x00000000a747ef20,0x00000000abd80000)
 Metaspace       used 110655K, capacity 118302K, committed 118656K, reserved 1153024K
  class space    used 14004K, capacity 15369K, committed 15488K, reserved 1048576K
Event: 5865.855 GC heap after
Heap after GC invocations=71 (full 4):
 PSYoungGen      total 248320K, used 20169K [0x00000000e0000000, 0x00000000f3f00000, 0x0000000100000000)
  eden space 200192K, 0% used [0x00000000e0000000,0x00000000e0000000,0x00000000ec380000)
  from space 48128K, 41% used [0x00000000ec380000,0x00000000ed732580,0x00000000ef280000)
  to   space 48128K, 0% used [0x00000000f1000000,0x00000000f1000000,0x00000000f3f00000)
 ParOldGen       total 194048K, used 121251K [0x00000000a0000000, 0x00000000abd80000, 0x00000000e0000000)
  object space 194048K, 62% used [0x00000000a0000000,0x00000000a7668fc0,0x00000000abd80000)
 Metaspace       used 110655K, capacity 118302K, committed 118656K, reserved 1153024K
  class space    used 14004K, capacity 15369K, committed 15488K, reserved 1048576K
}
Event: 5867.093 GC heap before
{Heap before GC invocations=72 (full 4):
 PSYoungGen      total 248320K, used 220361K [0x00000000e0000000, 0x00000000f3f00000, 0x0000000100000000)
  eden space 200192K, 100% used [0x00000000e0000000,0x00000000ec380000,0x00000000ec380000)
  from space 48128K, 41% used [0x00000000ec380000,0x00000000ed732580,0x00000000ef280000)
  to   space 48128K, 0% used [0x00000000f1000000,0x00000000f1000000,0x00000000f3f00000)
 ParOldGen       total 194048K, used 121251K [0x00000000a0000000, 0x00000000abd80000, 0x00000000e0000000)
  object space 194048K, 62% used [0x00000000a0000000,0x00000000a7668fc0,0x00000000abd80000)
 Metaspace       used 110659K, capacity 118302K, committed 118656K, reserved 1153024K
  class space    used 14004K, capacity 15369K, committed 15488K, reserved 1048576K
Event: 5867.142 GC heap after
Heap after GC invocations=72 (full 4):
 PSYoungGen      total 276480K, used 15327K [0x00000000e0000000, 0x00000000f3e00000, 0x0000000100000000)
  eden space 229376K, 0% used [0x00000000e0000000,0x00000000e0000000,0x00000000ee000000)
  from space 47104K, 32% used [0x00000000f1000000,0x00000000f1ef7f00,0x00000000f3e00000)
  to   space 48128K, 0% used [0x00000000ee000000,0x00000000ee000000,0x00000000f0f00000)
 ParOldGen       total 194048K, used 126695K [0x00000000a0000000, 0x00000000abd80000, 0x00000000e0000000)
  object space 194048K, 65% used [0x00000000a0000000,0x00000000a7bb9c10,0x00000000abd80000)
 Metaspace       used 110659K, capacity 118302K, committed 118656K, reserved 1153024K
  class space    used 14004K, capacity 15369K, committed 15488K, reserved 1048576K
}
Event: 5869.123 GC heap before
{Heap before GC invocations=73 (full 4):
 PSYoungGen      total 276480K, used 244703K [0x00000000e0000000, 0x00000000f3e00000, 0x0000000100000000)
  eden space 229376K, 100% used [0x00000000e0000000,0x00000000ee000000,0x00000000ee000000)
  from space 47104K, 32% used [0x00000000f1000000,0x00000000f1ef7f00,0x00000000f3e00000)
  to   space 48128K, 0% used [0x00000000ee000000,0x00000000ee000000,0x00000000f0f00000)
 ParOldGen       total 194048K, used 126695K [0x00000000a0000000, 0x00000000abd80000, 0x00000000e0000000)
  object space 194048K, 65% used [0x00000000a0000000,0x00000000a7bb9c10,0x00000000abd80000)
 Metaspace       used 110676K, capacity 118434K, committed 118656K, reserved 1153024K
  class space    used 14004K, capacity 15369K, committed 15488K, reserved 1048576K
Event: 5869.136 GC heap after
Heap after GC invocations=73 (full 4):
 PSYoungGen      total 277504K, used 1804K [0x00000000e0000000, 0x00000000f6180000, 0x0000000100000000)
  eden space 229376K, 0% used [0x00000000e0000000,0x00000000e0000000,0x00000000ee000000)
  from space 48128K, 3% used [0x00000000ee000000,0x00000000ee1c3180,0x00000000f0f00000)
  to   space 50688K, 0% used [0x00000000f3000000,0x00000000f3000000,0x00000000f6180000)
 ParOldGen       total 194048K, used 127391K [0x00000000a0000000, 0x00000000abd80000, 0x00000000e0000000)
  object space 194048K, 65% used [0x00000000a0000000,0x00000000a7c67c40,0x00000000abd80000)
 Metaspace       used 110676K, capacity 118434K, committed 118656K, reserved 1153024K
  class space    used 14004K, capacity 15369K, committed 15488K, reserved 1048576K
}

