# JRE version: OpenJDK Runtime Environment (8.0_212-b04) (build 1.8.0_212-release-1586-b04)
# Java VM: OpenJDK 64-Bit Server VM (25.212-b04 mixed mode windows-amd64 compressed oops)
Heap:
 PSYoungGen      total 329216K, used 265843K [0x00000000e0000000, 0x00000000fb700000, 0x0000000100000000)
  eden space 279552K, 94% used [0x00000000e0000000,0x00000000f02ae378,0x00000000f1100000)
  from space 49664K, 1% used [0x00000000f1100000,0x00000000f11eeab0,0x00000000f4180000)
  to   space 49152K, 0% used [0x00000000f8700000,0x00000000f8700000,0x00000000fb700000)
 ParOldGen       total 217088K, used 114924K [0x00000000a0000000, 0x00000000ad400000, 0x00000000e0000000)
  object space 217088K, 52% used [0x00000000a0000000,0x00000000a703b218,0x00000000ad400000)
 Metaspace       used 75342K, capacity 78344K, committed 78424K, reserved 1116160K
  class space    used 10154K, capacity 10779K, committed 10840K, reserved 1048576K
GC Heap History (10 events):
Event: 35.102 GC heap before
{Heap before GC invocations=15 (full 3):
 PSYoungGen      total 241664K, used 11293K [0x00000000e0000000, 0x00000000eff80000, 0x0000000100000000)
  eden space 226816K, 0% used [0x00000000e0000000,0x00000000e0000000,0x00000000edd80000)
  from space 14848K, 76% used [0x00000000ef100000,0x00000000efc076b0,0x00000000eff80000)
  to   space 17408K, 0% used [0x00000000edd80000,0x00000000edd80000,0x00000000eee80000)
 ParOldGen       total 68608K, used 34725K [0x00000000a0000000, 0x00000000a4300000, 0x00000000e0000000)
  object space 68608K, 50% used [0x00000000a0000000,0x00000000a21e96c8,0x00000000a4300000)
 Metaspace       used 57113K, capacity 58996K, committed 59096K, reserved 1099776K
  class space    used 7891K, capacity 8339K, committed 8408K, reserved 1048576K
Event: 35.445 GC heap after
Heap after GC invocations=15 (full 3):
 PSYoungGen      total 241664K, used 0K [0x00000000e0000000, 0x00000000eff80000, 0x0000000100000000)
  eden space 226816K, 0% used [0x00000000e0000000,0x00000000e0000000,0x00000000edd80000)
  from space 14848K, 0% used [0x00000000ef100000,0x00000000ef100000,0x00000000eff80000)
  to   space 17408K, 0% used [0x00000000edd80000,0x00000000edd80000,0x00000000eee80000)
 ParOldGen       total 105984K, used 36307K [0x00000000a0000000, 0x00000000a6780000, 0x00000000e0000000)
  object space 105984K, 34% used [0x00000000a0000000,0x00000000a2374e08,0x00000000a6780000)
 Metaspace       used 57068K, capacity 58874K, committed 59096K, reserved 1099776K
  class space    used 7876K, capacity 8312K, committed 8408K, reserved 1048576K
}
Event: 45.288 GC heap before
{Heap before GC invocations=16 (full 3):
 PSYoungGen      total 241664K, used 226816K [0x00000000e0000000, 0x00000000eff80000, 0x0000000100000000)
  eden space 226816K, 100% used [0x00000000e0000000,0x00000000edd80000,0x00000000edd80000)
  from space 14848K, 0% used [0x00000000ef100000,0x00000000ef100000,0x00000000eff80000)
  to   space 17408K, 0% used [0x00000000edd80000,0x00000000edd80000,0x00000000eee80000)
 ParOldGen       total 105984K, used 36307K [0x00000000a0000000, 0x00000000a6780000, 0x00000000e0000000)
  object space 105984K, 34% used [0x00000000a0000000,0x00000000a2374e08,0x00000000a6780000)
 Metaspace       used 62167K, capacity 64510K, committed 64600K, reserved 1105920K
  class space    used 8558K, capacity 9048K, committed 9048K, reserved 1048576K
Event: 45.341 GC heap after
Heap after GC invocations=16 (full 3):
 PSYoungGen      total 244224K, used 17396K [0x00000000e0000000, 0x00000000f5d00000, 0x0000000100000000)
  eden space 226816K, 0% used [0x00000000e0000000,0x00000000e0000000,0x00000000edd80000)
  from space 17408K, 99% used [0x00000000edd80000,0x00000000eee7d0e0,0x00000000eee80000)
  to   space 28160K, 0% used [0x00000000f4180000,0x00000000f4180000,0x00000000f5d00000)
 ParOldGen       total 105984K, used 58667K [0x00000000a0000000, 0x00000000a6780000, 0x00000000e0000000)
  object space 105984K, 55% used [0x00000000a0000000,0x00000000a394ae10,0x00000000a6780000)
 Metaspace       used 62167K, capacity 64510K, committed 64600K, reserved 1105920K
  class space    used 8558K, capacity 9048K, committed 9048K, reserved 1048576K
}
Event: 51.722 GC heap before
{Heap before GC invocations=17 (full 3):
 PSYoungGen      total 244224K, used 244212K [0x00000000e0000000, 0x00000000f5d00000, 0x0000000100000000)
  eden space 226816K, 100% used [0x00000000e0000000,0x00000000edd80000,0x00000000edd80000)
  from space 17408K, 99% used [0x00000000edd80000,0x00000000eee7d0e0,0x00000000eee80000)
  to   space 28160K, 0% used [0x00000000f4180000,0x00000000f4180000,0x00000000f5d00000)
 ParOldGen       total 105984K, used 58667K [0x00000000a0000000, 0x00000000a6780000, 0x00000000e0000000)
  object space 105984K, 55% used [0x00000000a0000000,0x00000000a394ae10,0x00000000a6780000)
 Metaspace       used 65756K, capacity 68438K, committed 68568K, reserved 1107968K
  class space    used 9084K, capacity 9640K, committed 9688K, reserved 1048576K
Event: 51.801 GC heap after
Heap after GC invocations=17 (full 3):
 PSYoungGen      total 307712K, used 28159K [0x00000000e0000000, 0x00000000f8600000, 0x0000000100000000)
  eden space 279552K, 0% used [0x00000000e0000000,0x00000000e0000000,0x00000000f1100000)
  from space 28160K, 99% used [0x00000000f4180000,0x00000000f5cffd50,0x00000000f5d00000)
  to   space 49664K, 0% used [0x00000000f1100000,0x00000000f1100000,0x00000000f4180000)
 ParOldGen       total 105984K, used 104324K [0x00000000a0000000, 0x00000000a6780000, 0x00000000e0000000)
  object space 105984K, 98% used [0x00000000a0000000,0x00000000a65e12b0,0x00000000a6780000)
 Metaspace       used 65756K, capacity 68438K, committed 68568K, reserved 1107968K
  class space    used 9084K, capacity 9640K, committed 9688K, reserved 1048576K
}
Event: 51.801 GC heap before
{Heap before GC invocations=18 (full 4):
 PSYoungGen      total 307712K, used 28159K [0x00000000e0000000, 0x00000000f8600000, 0x0000000100000000)
  eden space 279552K, 0% used [0x00000000e0000000,0x00000000e0000000,0x00000000f1100000)
  from space 28160K, 99% used [0x00000000f4180000,0x00000000f5cffd50,0x00000000f5d00000)
  to   space 49664K, 0% used [0x00000000f1100000,0x00000000f1100000,0x00000000f4180000)
 ParOldGen       total 105984K, used 104324K [0x00000000a0000000, 0x00000000a6780000, 0x00000000e0000000)
  object space 105984K, 98% used [0x00000000a0000000,0x00000000a65e12b0,0x00000000a6780000)
 Metaspace       used 65756K, capacity 68438K, committed 68568K, reserved 1107968K
  class space    used 9084K, capacity 9640K, committed 9688K, reserved 1048576K
Event: 52.405 GC heap after
Heap after GC invocations=18 (full 4):
 PSYoungGen      total 307712K, used 9038K [0x00000000e0000000, 0x00000000f8600000, 0x0000000100000000)
  eden space 279552K, 0% used [0x00000000e0000000,0x00000000e0000000,0x00000000f1100000)
  from space 28160K, 32% used [0x00000000f4180000,0x00000000f4a53800,0x00000000f5d00000)
  to   space 49664K, 0% used [0x00000000f1100000,0x00000000f1100000,0x00000000f4180000)
 ParOldGen       total 217088K, used 105814K [0x00000000a0000000, 0x00000000ad400000, 0x00000000e0000000)
  object space 217088K, 48% used [0x00000000a0000000,0x00000000a6755ba8,0x00000000ad400000)
 Metaspace       used 65665K, capacity 68182K, committed 68568K, reserved 1107968K
  class space    used 9054K, capacity 9586K, committed 9688K, reserved 1048576K
}
Event: 55.566 GC heap before
{Heap before GC invocations=19 (full 4):
 PSYoungGen      total 307712K, used 288590K [0x00000000e0000000, 0x00000000f8600000, 0x0000000100000000)
  eden space 279552K, 100% used [0x00000000e0000000,0x00000000f1100000,0x00000000f1100000)
  from space 28160K, 32% used [0x00000000f4180000,0x00000000f4a53800,0x00000000f5d00000)
  to   space 49664K, 0% used [0x00000000f1100000,0x00000000f1100000,0x00000000f4180000)
 ParOldGen       total 217088K, used 105814K [0x00000000a0000000, 0x00000000ad400000, 0x00000000e0000000)
  object space 217088K, 48% used [0x00000000a0000000,0x00000000a6755ba8,0x00000000ad400000)
 Metaspace       used 66250K, capacity 68890K, committed 69208K, reserved 1107968K
  class space    used 9156K, capacity 9684K, committed 9816K, reserved 1048576K
Event: 55.612 GC heap after
Heap after GC invocations=19 (full 4):
 PSYoungGen      total 329216K, used 954K [0x00000000e0000000, 0x00000000fb700000, 0x0000000100000000)
  eden space 279552K, 0% used [0x00000000e0000000,0x00000000e0000000,0x00000000f1100000)
  from space 49664K, 1% used [0x00000000f1100000,0x00000000f11eeab0,0x00000000f4180000)
  to   space 49152K, 0% used [0x00000000f8700000,0x00000000f8700000,0x00000000fb700000)
 ParOldGen       total 217088K, used 114924K [0x00000000a0000000, 0x00000000ad400000, 0x00000000e0000000)
  object space 217088K, 52% used [0x00000000a0000000,0x00000000a703b218,0x00000000ad400000)
 Metaspace       used 66250K, capacity 68890K, committed 69208K, reserved 1107968K
  class space    used 9156K, capacity 9684K, committed 9816K, reserved 1048576K
}

