# JRE version: OpenJDK Runtime Environment (8.0_212-b04) (build 1.8.0_212-release-1586-b04)
# Java VM: OpenJDK 64-Bit Server VM (25.212-b04 mixed mode windows-amd64 compressed oops)
Heap:
 PSYoungGen      total 212480K, used 42494K [0x00000000e0000000, 0x00000000f2900000, 0x0000000100000000)
  eden space 198144K, 14% used [0x00000000e0000000,0x00000000e1b7ff48,0x00000000ec180000)
  from space 14336K, 99% used [0x00000000ec180000,0x00000000ecf7f8c8,0x00000000ecf80000)
  to   space 20480K, 0% used [0x00000000f1500000,0x00000000f1500000,0x00000000f2900000)
 ParOldGen       total 76800K, used 26477K [0x00000000a0000000, 0x00000000a4b00000, 0x00000000e0000000)
  object space 76800K, 34% used [0x00000000a0000000,0x00000000a19db430,0x00000000a4b00000)
 Metaspace       used 55212K, capacity 56932K, committed 57216K, reserved 1097728K
  class space    used 7599K, capacity 7991K, committed 8064K, reserved 1048576K
GC Heap History (10 events):
Event: 16.903 GC heap before
{Heap before GC invocations=7 (full 1):
 PSYoungGen      total 68608K, used 63488K [0x00000000e0000000, 0x00000000e9500000, 0x0000000100000000)
  eden space 63488K, 100% used [0x00000000e0000000,0x00000000e3e00000,0x00000000e3e00000)
  from space 5120K, 0% used [0x00000000e3e00000,0x00000000e3e00000,0x00000000e4300000)
  to   space 12800K, 0% used [0x00000000e8880000,0x00000000e8880000,0x00000000e9500000)
 ParOldGen       total 58368K, used 12505K [0x00000000a0000000, 0x00000000a3900000, 0x00000000e0000000)
  object space 58368K, 21% used [0x00000000a0000000,0x00000000a0c36758,0x00000000a3900000)
 Metaspace       used 28992K, capacity 29552K, committed 29696K, reserved 1075200K
  class space    used 3894K, capacity 4067K, committed 4096K, reserved 1048576K
Event: 16.917 GC heap after
Heap after GC invocations=7 (full 1):
 PSYoungGen      total 120832K, used 7907K [0x00000000e0000000, 0x00000000e9080000, 0x0000000100000000)
  eden space 112640K, 0% used [0x00000000e0000000,0x00000000e0000000,0x00000000e6e00000)
  from space 8192K, 96% used [0x00000000e8880000,0x00000000e9038e58,0x00000000e9080000)
  to   space 12288K, 0% used [0x00000000e7880000,0x00000000e7880000,0x00000000e8480000)
 ParOldGen       total 58368K, used 12513K [0x00000000a0000000, 0x00000000a3900000, 0x00000000e0000000)
  object space 58368K, 21% used [0x00000000a0000000,0x00000000a0c38758,0x00000000a3900000)
 Metaspace       used 28992K, capacity 29552K, committed 29696K, reserved 1075200K
  class space    used 3894K, capacity 4067K, committed 4096K, reserved 1048576K
}
Event: 19.433 GC heap before
{Heap before GC invocations=8 (full 1):
 PSYoungGen      total 120832K, used 120547K [0x00000000e0000000, 0x00000000e9080000, 0x0000000100000000)
  eden space 112640K, 100% used [0x00000000e0000000,0x00000000e6e00000,0x00000000e6e00000)
  from space 8192K, 96% used [0x00000000e8880000,0x00000000e9038e58,0x00000000e9080000)
  to   space 12288K, 0% used [0x00000000e7880000,0x00000000e7880000,0x00000000e8480000)
 ParOldGen       total 58368K, used 12513K [0x00000000a0000000, 0x00000000a3900000, 0x00000000e0000000)
  object space 58368K, 21% used [0x00000000a0000000,0x00000000a0c38758,0x00000000a3900000)
 Metaspace       used 34334K, capacity 35116K, committed 35200K, reserved 1079296K
  class space    used 4708K, capacity 4949K, committed 4992K, reserved 1048576K
Event: 19.456 GC heap after
Heap after GC invocations=8 (full 1):
 PSYoungGen      total 135680K, used 12191K [0x00000000e0000000, 0x00000000edd80000, 0x0000000100000000)
  eden space 123392K, 0% used [0x00000000e0000000,0x00000000e0000000,0x00000000e7880000)
  from space 12288K, 99% used [0x00000000e7880000,0x00000000e8467fe8,0x00000000e8480000)
  to   space 14336K, 0% used [0x00000000ecf80000,0x00000000ecf80000,0x00000000edd80000)
 ParOldGen       total 58368K, used 12521K [0x00000000a0000000, 0x00000000a3900000, 0x00000000e0000000)
  object space 58368K, 21% used [0x00000000a0000000,0x00000000a0c3a758,0x00000000a3900000)
 Metaspace       used 34334K, capacity 35116K, committed 35200K, reserved 1079296K
  class space    used 4708K, capacity 4949K, committed 4992K, reserved 1048576K
}
Event: 19.937 GC heap before
{Heap before GC invocations=9 (full 1):
 PSYoungGen      total 135680K, used 24354K [0x00000000e0000000, 0x00000000edd80000, 0x0000000100000000)
  eden space 123392K, 9% used [0x00000000e0000000,0x00000000e0be0a30,0x00000000e7880000)
  from space 12288K, 99% used [0x00000000e7880000,0x00000000e8467fe8,0x00000000e8480000)
  to   space 14336K, 0% used [0x00000000ecf80000,0x00000000ecf80000,0x00000000edd80000)
 ParOldGen       total 58368K, used 12521K [0x00000000a0000000, 0x00000000a3900000, 0x00000000e0000000)
  object space 58368K, 21% used [0x00000000a0000000,0x00000000a0c3a758,0x00000000a3900000)
 Metaspace       used 34584K, capacity 35396K, committed 35456K, reserved 1079296K
  class space    used 4742K, capacity 4957K, committed 4992K, reserved 1048576K
Event: 19.950 GC heap after
Heap after GC invocations=9 (full 1):
 PSYoungGen      total 212480K, used 9491K [0x00000000e0000000, 0x00000000ef600000, 0x0000000100000000)
  eden space 198144K, 0% used [0x00000000e0000000,0x00000000e0000000,0x00000000ec180000)
  from space 14336K, 66% used [0x00000000ecf80000,0x00000000ed8c4df0,0x00000000edd80000)
  to   space 14336K, 0% used [0x00000000ec180000,0x00000000ec180000,0x00000000ecf80000)
 ParOldGen       total 58368K, used 12529K [0x00000000a0000000, 0x00000000a3900000, 0x00000000e0000000)
  object space 58368K, 21% used [0x00000000a0000000,0x00000000a0c3c758,0x00000000a3900000)
 Metaspace       used 34584K, capacity 35396K, committed 35456K, reserved 1079296K
  class space    used 4742K, capacity 4957K, committed 4992K, reserved 1048576K
}
Event: 19.950 GC heap before
{Heap before GC invocations=10 (full 2):
 PSYoungGen      total 212480K, used 9491K [0x00000000e0000000, 0x00000000ef600000, 0x0000000100000000)
  eden space 198144K, 0% used [0x00000000e0000000,0x00000000e0000000,0x00000000ec180000)
  from space 14336K, 66% used [0x00000000ecf80000,0x00000000ed8c4df0,0x00000000edd80000)
  to   space 14336K, 0% used [0x00000000ec180000,0x00000000ec180000,0x00000000ecf80000)
 ParOldGen       total 58368K, used 12529K [0x00000000a0000000, 0x00000000a3900000, 0x00000000e0000000)
  object space 58368K, 21% used [0x00000000a0000000,0x00000000a0c3c758,0x00000000a3900000)
 Metaspace       used 34584K, capacity 35396K, committed 35456K, reserved 1079296K
  class space    used 4742K, capacity 4957K, committed 4992K, reserved 1048576K
Event: 20.048 GC heap after
Heap after GC invocations=10 (full 2):
 PSYoungGen      total 212480K, used 0K [0x00000000e0000000, 0x00000000ef600000, 0x0000000100000000)
  eden space 198144K, 0% used [0x00000000e0000000,0x00000000e0000000,0x00000000ec180000)
  from space 14336K, 0% used [0x00000000ecf80000,0x00000000ecf80000,0x00000000edd80000)
  to   space 14336K, 0% used [0x00000000ec180000,0x00000000ec180000,0x00000000ecf80000)
 ParOldGen       total 76800K, used 16498K [0x00000000a0000000, 0x00000000a4b00000, 0x00000000e0000000)
  object space 76800K, 21% used [0x00000000a0000000,0x00000000a101c8d8,0x00000000a4b00000)
 Metaspace       used 34584K, capacity 35396K, committed 35456K, reserved 1079296K
  class space    used 4742K, capacity 4957K, committed 4992K, reserved 1048576K
}
Event: 33.558 GC heap before
{Heap before GC invocations=11 (full 2):
 PSYoungGen      total 212480K, used 198144K [0x00000000e0000000, 0x00000000ef600000, 0x0000000100000000)
  eden space 198144K, 100% used [0x00000000e0000000,0x00000000ec180000,0x00000000ec180000)
  from space 14336K, 0% used [0x00000000ecf80000,0x00000000ecf80000,0x00000000edd80000)
  to   space 14336K, 0% used [0x00000000ec180000,0x00000000ec180000,0x00000000ecf80000)
 ParOldGen       total 76800K, used 16498K [0x00000000a0000000, 0x00000000a4b00000, 0x00000000e0000000)
  object space 76800K, 21% used [0x00000000a0000000,0x00000000a101c8d8,0x00000000a4b00000)
 Metaspace       used 53216K, capacity 54838K, committed 55168K, reserved 1097728K
  class space    used 7284K, capacity 7704K, committed 7808K, reserved 1048576K
Event: 33.586 GC heap after
Heap after GC invocations=11 (full 2):
 PSYoungGen      total 212480K, used 14334K [0x00000000e0000000, 0x00000000f2900000, 0x0000000100000000)
  eden space 198144K, 0% used [0x00000000e0000000,0x00000000e0000000,0x00000000ec180000)
  from space 14336K, 99% used [0x00000000ec180000,0x00000000ecf7f8c8,0x00000000ecf80000)
  to   space 20480K, 0% used [0x00000000f1500000,0x00000000f1500000,0x00000000f2900000)
 ParOldGen       total 76800K, used 26477K [0x00000000a0000000, 0x00000000a4b00000, 0x00000000e0000000)
  object space 76800K, 34% used [0x00000000a0000000,0x00000000a19db430,0x00000000a4b00000)
 Metaspace       used 53216K, capacity 54838K, committed 55168K, reserved 1097728K
  class space    used 7284K, capacity 7704K, committed 7808K, reserved 1048576K
}

