# JRE version: OpenJDK Runtime Environment (8.0_212-b04) (build 1.8.0_212-release-1586-b04)
# Java VM: OpenJDK 64-Bit Server VM (25.212-b04 mixed mode windows-amd64 compressed oops)
Heap:
 PSYoungGen      total 470528K, used 208813K [0x00000000e0000000, 0x0000000100000000, 0x0000000100000000)
  eden space 419840K, 49% used [0x00000000e0000000,0x00000000ecbeb6a0,0x00000000f9a00000)
  from space 50688K, 0% used [0x00000000fce80000,0x00000000fce80000,0x0000000100000000)
  to   space 52224K, 0% used [0x00000000f9a00000,0x00000000f9a00000,0x00000000fcd00000)
 ParOldGen       total 209920K, used 76658K [0x00000000a0000000, 0x00000000acd00000, 0x00000000e0000000)
  object space 209920K, 36% used [0x00000000a0000000,0x00000000a4adc8f8,0x00000000acd00000)
 Metaspace       used 117014K, capacity 121660K, committed 122392K, reserved 1155072K
  class space    used 15022K, capacity 15925K, committed 16152K, reserved 1048576K
GC Heap History (10 events):
Event: 3848.672 GC heap before
{Heap before GC invocations=21 (full 4):
 PSYoungGen      total 402944K, used 9714K [0x00000000e0000000, 0x00000000fed80000, 0x0000000100000000)
  eden space 369664K, 0% used [0x00000000e0000000,0x00000000e0000000,0x00000000f6900000)
  from space 33280K, 29% used [0x00000000f6900000,0x00000000f727cb50,0x00000000f8980000)
  to   space 31744K, 0% used [0x00000000fce80000,0x00000000fce80000,0x00000000fed80000)
 ParOldGen       total 105472K, used 76792K [0x00000000a0000000, 0x00000000a6700000, 0x00000000e0000000)
  object space 105472K, 72% used [0x00000000a0000000,0x00000000a4afe030,0x00000000a6700000)
 Metaspace       used 94438K, capacity 98468K, committed 98600K, reserved 1134592K
  class space    used 12461K, capacity 13397K, committed 13464K, reserved 1048576K
Event: 3849.040 GC heap after
Heap after GC invocations=21 (full 4):
 PSYoungGen      total 402944K, used 0K [0x00000000e0000000, 0x00000000fed80000, 0x0000000100000000)
  eden space 369664K, 0% used [0x00000000e0000000,0x00000000e0000000,0x00000000f6900000)
  from space 33280K, 0% used [0x00000000f6900000,0x00000000f6900000,0x00000000f8980000)
  to   space 31744K, 0% used [0x00000000fce80000,0x00000000fce80000,0x00000000fed80000)
 ParOldGen       total 150016K, used 52735K [0x00000000a0000000, 0x00000000a9280000, 0x00000000e0000000)
  object space 150016K, 35% used [0x00000000a0000000,0x00000000a337ff50,0x00000000a9280000)
 Metaspace       used 92193K, capacity 95084K, committed 98600K, reserved 1134592K
  class space    used 12098K, capacity 12753K, committed 13464K, reserved 1048576K
}
Event: 4078.269 GC heap before
{Heap before GC invocations=22 (full 4):
 PSYoungGen      total 402944K, used 369664K [0x00000000e0000000, 0x00000000fed80000, 0x0000000100000000)
  eden space 369664K, 100% used [0x00000000e0000000,0x00000000f6900000,0x00000000f6900000)
  from space 33280K, 0% used [0x00000000f6900000,0x00000000f6900000,0x00000000f8980000)
  to   space 31744K, 0% used [0x00000000fce80000,0x00000000fce80000,0x00000000fed80000)
 ParOldGen       total 150016K, used 52740K [0x00000000a0000000, 0x00000000a9280000, 0x00000000e0000000)
  object space 150016K, 35% used [0x00000000a0000000,0x00000000a33811d8,0x00000000a9280000)
 Metaspace       used 98913K, capacity 102234K, committed 103704K, reserved 1138688K
  class space    used 12739K, capacity 13486K, committed 13848K, reserved 1048576K
Event: 4078.300 GC heap after
Heap after GC invocations=22 (full 4):
 PSYoungGen      total 472576K, used 21093K [0x00000000e0000000, 0x00000000fef80000, 0x0000000100000000)
  eden space 440832K, 0% used [0x00000000e0000000,0x00000000e0000000,0x00000000fae80000)
  from space 31744K, 66% used [0x00000000fce80000,0x00000000fe319488,0x00000000fed80000)
  to   space 32768K, 0% used [0x00000000fae80000,0x00000000fae80000,0x00000000fce80000)
 ParOldGen       total 150016K, used 52748K [0x00000000a0000000, 0x00000000a9280000, 0x00000000e0000000)
  object space 150016K, 35% used [0x00000000a0000000,0x00000000a33831d8,0x00000000a9280000)
 Metaspace       used 98913K, capacity 102234K, committed 103704K, reserved 1138688K
  class space    used 12739K, capacity 13486K, committed 13848K, reserved 1048576K
}
Event: 4118.574 GC heap before
{Heap before GC invocations=23 (full 4):
 PSYoungGen      total 472576K, used 461925K [0x00000000e0000000, 0x00000000fef80000, 0x0000000100000000)
  eden space 440832K, 100% used [0x00000000e0000000,0x00000000fae80000,0x00000000fae80000)
  from space 31744K, 66% used [0x00000000fce80000,0x00000000fe319488,0x00000000fed80000)
  to   space 32768K, 0% used [0x00000000fae80000,0x00000000fae80000,0x00000000fce80000)
 ParOldGen       total 150016K, used 52750K [0x00000000a0000000, 0x00000000a9280000, 0x00000000e0000000)
  object space 150016K, 35% used [0x00000000a0000000,0x00000000a3383880,0x00000000a9280000)
 Metaspace       used 114224K, capacity 118642K, committed 118936K, reserved 1153024K
  class space    used 14673K, capacity 15548K, committed 15768K, reserved 1048576K
Event: 4118.723 GC heap after
Heap after GC invocations=23 (full 4):
 PSYoungGen      total 473600K, used 32736K [0x00000000e0000000, 0x0000000100000000, 0x0000000100000000)
  eden space 440832K, 0% used [0x00000000e0000000,0x00000000e0000000,0x00000000fae80000)
  from space 32768K, 99% used [0x00000000fae80000,0x00000000fce78380,0x00000000fce80000)
  to   space 50688K, 0% used [0x00000000fce80000,0x00000000fce80000,0x0000000100000000)
 ParOldGen       total 150016K, used 99326K [0x00000000a0000000, 0x00000000a9280000, 0x00000000e0000000)
  object space 150016K, 66% used [0x00000000a0000000,0x00000000a60ff8e8,0x00000000a9280000)
 Metaspace       used 114224K, capacity 118642K, committed 118936K, reserved 1153024K
  class space    used 14673K, capacity 15548K, committed 15768K, reserved 1048576K
}
Event: 4402.526 GC heap before
{Heap before GC invocations=24 (full 4):
 PSYoungGen      total 473600K, used 473568K [0x00000000e0000000, 0x0000000100000000, 0x0000000100000000)
  eden space 440832K, 100% used [0x00000000e0000000,0x00000000fae80000,0x00000000fae80000)
  from space 32768K, 99% used [0x00000000fae80000,0x00000000fce78380,0x00000000fce80000)
  to   space 50688K, 0% used [0x00000000fce80000,0x00000000fce80000,0x0000000100000000)
 ParOldGen       total 150016K, used 99326K [0x00000000a0000000, 0x00000000a9280000, 0x00000000e0000000)
  object space 150016K, 66% used [0x00000000a0000000,0x00000000a60ff8e8,0x00000000a9280000)
 Metaspace       used 117015K, capacity 121926K, committed 122136K, reserved 1155072K
  class space    used 15079K, capacity 16028K, committed 16152K, reserved 1048576K
Event: 4402.657 GC heap after
Heap after GC invocations=24 (full 4):
 PSYoungGen      total 470528K, used 21133K [0x00000000e0000000, 0x0000000100000000, 0x0000000100000000)
  eden space 419840K, 0% used [0x00000000e0000000,0x00000000e0000000,0x00000000f9a00000)
  from space 50688K, 41% used [0x00000000fce80000,0x00000000fe323430,0x0000000100000000)
  to   space 52224K, 0% used [0x00000000f9a00000,0x00000000f9a00000,0x00000000fcd00000)
 ParOldGen       total 150016K, used 127228K [0x00000000a0000000, 0x00000000a9280000, 0x00000000e0000000)
  object space 150016K, 84% used [0x00000000a0000000,0x00000000a7c3f288,0x00000000a9280000)
 Metaspace       used 117015K, capacity 121926K, committed 122136K, reserved 1155072K
  class space    used 15079K, capacity 16028K, committed 16152K, reserved 1048576K
}
Event: 4402.657 GC heap before
{Heap before GC invocations=25 (full 5):
 PSYoungGen      total 470528K, used 21133K [0x00000000e0000000, 0x0000000100000000, 0x0000000100000000)
  eden space 419840K, 0% used [0x00000000e0000000,0x00000000e0000000,0x00000000f9a00000)
  from space 50688K, 41% used [0x00000000fce80000,0x00000000fe323430,0x0000000100000000)
  to   space 52224K, 0% used [0x00000000f9a00000,0x00000000f9a00000,0x00000000fcd00000)
 ParOldGen       total 150016K, used 127228K [0x00000000a0000000, 0x00000000a9280000, 0x00000000e0000000)
  object space 150016K, 84% used [0x00000000a0000000,0x00000000a7c3f288,0x00000000a9280000)
 Metaspace       used 117015K, capacity 121926K, committed 122136K, reserved 1155072K
  class space    used 15079K, capacity 16028K, committed 16152K, reserved 1048576K
Event: 4402.998 GC heap after
Heap after GC invocations=25 (full 5):
 PSYoungGen      total 470528K, used 0K [0x00000000e0000000, 0x0000000100000000, 0x0000000100000000)
  eden space 419840K, 0% used [0x00000000e0000000,0x00000000e0000000,0x00000000f9a00000)
  from space 50688K, 0% used [0x00000000fce80000,0x00000000fce80000,0x0000000100000000)
  to   space 52224K, 0% used [0x00000000f9a00000,0x00000000f9a00000,0x00000000fcd00000)
 ParOldGen       total 209920K, used 76658K [0x00000000a0000000, 0x00000000acd00000, 0x00000000e0000000)
  object space 209920K, 36% used [0x00000000a0000000,0x00000000a4adc8f8,0x00000000acd00000)
 Metaspace       used 116788K, capacity 121310K, committed 122136K, reserved 1155072K
  class space    used 14999K, capacity 15888K, committed 16152K, reserved 1048576K
}

